# JRE version: Java(TM) SE Runtime Environment (8.0_144-b01) (build 1.8.0_144-b01)
# Java VM: Java HotSpot(TM) 64-Bit Server VM (25.144-b01 mixed mode windows-amd64 compressed oops)
Heap:
 PSYoungGen      total 106496K, used 8793K [0x00000000d8380000, 0x00000000e2700000, 0x0000000100000000)
  eden space 95744K, 9% used [0x00000000d8380000,0x00000000d8c16758,0x00000000de100000)
  from space 10752K, 0% used [0x00000000de100000,0x00000000de100000,0x00000000deb80000)
  to   space 10752K, 0% used [0x00000000e1c80000,0x00000000e1c80000,0x00000000e2700000)
 ParOldGen       total 79872K, used 12695K [0x0000000088a00000, 0x000000008d800000, 0x00000000d8380000)
  object space 79872K, 15% used [0x0000000088a00000,0x0000000089665e20,0x000000008d800000)
 Metaspace       used 34148K, capacity 35668K, committed 35928K, reserved 1081344K
  class space    used 4301K, capacity 4594K, committed 4608K, reserved 1048576K
GC Heap History (10 events):
Event: 4.981 GC heap before
{Heap before GC invocations=5 (full 1):
 PSYoungGen      total 66560K, used 5111K [0x00000000d8380000, 0x00000000dc980000, 0x0000000100000000)
  eden space 61440K, 0% used [0x00000000d8380000,0x00000000d8380000,0x00000000dbf80000)
  from space 5120K, 99% used [0x00000000dc480000,0x00000000dc97dfc0,0x00000000dc980000)
  to   space 5120K, 0% used [0x00000000dbf80000,0x00000000dbf80000,0x00000000dc480000)
 ParOldGen       total 81920K, used 5532K [0x0000000088a00000, 0x000000008da00000, 0x00000000d8380000)
  object space 81920K, 6% used [0x0000000088a00000,0x0000000088f672a8,0x000000008da00000)
 Metaspace       used 20510K, capacity 21162K, committed 21248K, reserved 1067008K
  class space    used 2621K, capacity 2789K, committed 2816K, reserved 1048576K
Event: 5.044 GC heap after
Heap after GC invocations=5 (full 1):
 PSYoungGen      total 66560K, used 0K [0x00000000d8380000, 0x00000000dc980000, 0x0000000100000000)
  eden space 61440K, 0% used [0x00000000d8380000,0x00000000d8380000,0x00000000dbf80000)
  from space 5120K, 0% used [0x00000000dc480000,0x00000000dc480000,0x00000000dc980000)
  to   space 5120K, 0% used [0x00000000dbf80000,0x00000000dbf80000,0x00000000dc480000)
 ParOldGen       total 53760K, used 7618K [0x0000000088a00000, 0x000000008be80000, 0x00000000d8380000)
  object space 53760K, 14% used [0x0000000088a00000,0x0000000089170b70,0x000000008be80000)
 Metaspace       used 20506K, capacity 21154K, committed 21248K, reserved 1067008K
  class space    used 2620K, capacity 2787K, committed 2816K, reserved 1048576K
}
Event: 6.617 GC heap before
{Heap before GC invocations=6 (full 1):
 PSYoungGen      total 66560K, used 61440K [0x00000000d8380000, 0x00000000dc980000, 0x0000000100000000)
  eden space 61440K, 100% used [0x00000000d8380000,0x00000000dbf80000,0x00000000dbf80000)
  from space 5120K, 0% used [0x00000000dc480000,0x00000000dc480000,0x00000000dc980000)
  to   space 5120K, 0% used [0x00000000dbf80000,0x00000000dbf80000,0x00000000dc480000)
 ParOldGen       total 53760K, used 7618K [0x0000000088a00000, 0x000000008be80000, 0x00000000d8380000)
  object space 53760K, 14% used [0x0000000088a00000,0x0000000089170b70,0x000000008be80000)
 Metaspace       used 25156K, capacity 26066K, committed 26240K, reserved 1073152K
  class space    used 3219K, capacity 3425K, committed 3456K, reserved 1048576K
Event: 6.628 GC heap after
Heap after GC invocations=6 (full 1):
 PSYoungGen      total 66560K, used 5088K [0x00000000d8380000, 0x00000000df400000, 0x0000000100000000)
  eden space 61440K, 0% used [0x00000000d8380000,0x00000000d8380000,0x00000000dbf80000)
  from space 5120K, 99% used [0x00000000dbf80000,0x00000000dc478098,0x00000000dc480000)
  to   space 8704K, 0% used [0x00000000deb80000,0x00000000deb80000,0x00000000df400000)
 ParOldGen       total 53760K, used 9453K [0x0000000088a00000, 0x000000008be80000, 0x00000000d8380000)
  object space 53760K, 17% used [0x0000000088a00000,0x000000008933b480,0x000000008be80000)
 Metaspace       used 25156K, capacity 26066K, committed 26240K, reserved 1073152K
  class space    used 3219K, capacity 3425K, committed 3456K, reserved 1048576K
}
Event: 10.950 GC heap before
{Heap before GC invocations=7 (full 1):
 PSYoungGen      total 66560K, used 66528K [0x00000000d8380000, 0x00000000df400000, 0x0000000100000000)
  eden space 61440K, 100% used [0x00000000d8380000,0x00000000dbf80000,0x00000000dbf80000)
  from space 5120K, 99% used [0x00000000dbf80000,0x00000000dc478098,0x00000000dc480000)
  to   space 8704K, 0% used [0x00000000deb80000,0x00000000deb80000,0x00000000df400000)
 ParOldGen       total 53760K, used 9453K [0x0000000088a00000, 0x000000008be80000, 0x00000000d8380000)
  object space 53760K, 17% used [0x0000000088a00000,0x000000008933b480,0x000000008be80000)
 Metaspace       used 32111K, capacity 33654K, committed 33920K, reserved 1079296K
  class space    used 4077K, capacity 4359K, committed 4480K, reserved 1048576K
Event: 10.993 GC heap after
Heap after GC invocations=7 (full 1):
 PSYoungGen      total 104448K, used 8701K [0x00000000d8380000, 0x00000000df600000, 0x0000000100000000)
  eden space 95744K, 0% used [0x00000000d8380000,0x00000000d8380000,0x00000000de100000)
  from space 8704K, 99% used [0x00000000deb80000,0x00000000df3ff438,0x00000000df400000)
  to   space 10752K, 0% used [0x00000000de100000,0x00000000de100000,0x00000000deb80000)
 ParOldGen       total 53760K, used 10689K [0x0000000088a00000, 0x000000008be80000, 0x00000000d8380000)
  object space 53760K, 19% used [0x0000000088a00000,0x00000000894705d0,0x000000008be80000)
 Metaspace       used 32111K, capacity 33654K, committed 33920K, reserved 1079296K
  class space    used 4077K, capacity 4359K, committed 4480K, reserved 1048576K
}
Event: 13.416 GC heap before
{Heap before GC invocations=8 (full 1):
 PSYoungGen      total 104448K, used 27504K [0x00000000d8380000, 0x00000000df600000, 0x0000000100000000)
  eden space 95744K, 19% used [0x00000000d8380000,0x00000000d95dcbf8,0x00000000de100000)
  from space 8704K, 99% used [0x00000000deb80000,0x00000000df3ff438,0x00000000df400000)
  to   space 10752K, 0% used [0x00000000de100000,0x00000000de100000,0x00000000deb80000)
 ParOldGen       total 53760K, used 10689K [0x0000000088a00000, 0x000000008be80000, 0x00000000d8380000)
  object space 53760K, 19% used [0x0000000088a00000,0x00000000894705d0,0x000000008be80000)
 Metaspace       used 33767K, capacity 35272K, committed 35416K, reserved 1081344K
  class space    used 4252K, capacity 4554K, committed 4608K, reserved 1048576K
Event: 13.435 GC heap after
Heap after GC invocations=8 (full 1):
 PSYoungGen      total 106496K, used 8591K [0x00000000d8380000, 0x00000000e2700000, 0x0000000100000000)
  eden space 95744K, 0% used [0x00000000d8380000,0x00000000d8380000,0x00000000de100000)
  from space 10752K, 79% used [0x00000000de100000,0x00000000de963dc0,0x00000000deb80000)
  to   space 10752K, 0% used [0x00000000e1c80000,0x00000000e1c80000,0x00000000e2700000)
 ParOldGen       total 53760K, used 10697K [0x0000000088a00000, 0x000000008be80000, 0x00000000d8380000)
  object space 53760K, 19% used [0x0000000088a00000,0x00000000894725d0,0x000000008be80000)
 Metaspace       used 33767K, capacity 35272K, committed 35416K, reserved 1081344K
  class space    used 4252K, capacity 4554K, committed 4608K, reserved 1048576K
}
Event: 13.436 GC heap before
{Heap before GC invocations=9 (full 2):
 PSYoungGen      total 106496K, used 8591K [0x00000000d8380000, 0x00000000e2700000, 0x0000000100000000)
  eden space 95744K, 0% used [0x00000000d8380000,0x00000000d8380000,0x00000000de100000)
  from space 10752K, 79% used [0x00000000de100000,0x00000000de963dc0,0x00000000deb80000)
  to   space 10752K, 0% used [0x00000000e1c80000,0x00000000e1c80000,0x00000000e2700000)
 ParOldGen       total 53760K, used 10697K [0x0000000088a00000, 0x000000008be80000, 0x00000000d8380000)
  object space 53760K, 19% used [0x0000000088a00000,0x00000000894725d0,0x000000008be80000)
 Metaspace       used 33767K, capacity 35272K, committed 35416K, reserved 1081344K
  class space    used 4252K, capacity 4554K, committed 4608K, reserved 1048576K
Event: 13.556 GC heap after
Heap after GC invocations=9 (full 2):
 PSYoungGen      total 106496K, used 0K [0x00000000d8380000, 0x00000000e2700000, 0x0000000100000000)
  eden space 95744K, 0% used [0x00000000d8380000,0x00000000d8380000,0x00000000de100000)
  from space 10752K, 0% used [0x00000000de100000,0x00000000de100000,0x00000000deb80000)
  to   space 10752K, 0% used [0x00000000e1c80000,0x00000000e1c80000,0x00000000e2700000)
 ParOldGen       total 79872K, used 12695K [0x0000000088a00000, 0x000000008d800000, 0x00000000d8380000)
  object space 79872K, 15% used [0x0000000088a00000,0x0000000089665e20,0x000000008d800000)
 Metaspace       used 33767K, capacity 35272K, committed 35416K, reserved 1081344K
  class space    used 4252K, capacity 4554K, committed 4608K, reserved 1048576K
}

